2023-09-01 17:32:29,669.numeric_series_practice.INFO ==================================================
2023-09-01 17:32:29,669.numeric_series_practice.INFO Today is 2023-09-01 at 05:32 PM
2023-09-01 17:32:29,669.numeric_series_practice.INFO Running on: nt Windows 10
2023-09-01 17:32:29,669.numeric_series_practice.INFO Python version:  3.11.4
2023-09-01 17:32:29,669.numeric_series_practice.INFO Python path: C:\Users\laura\AppData\Local\Programs\Python\Python311
2023-09-01 17:32:29,669.numeric_series_practice.INFO Working dir: C:\Users\laura\OneDrive\Documents\datafun-02-functions-main\datafun-02-functions\datafun-02-functions
2023-09-01 17:32:29,669.numeric_series_practice.INFO ==================================================
2023-09-01 17:32:29,669.numeric_series_practice.INFO Created: NumericCatSeries with name=Cats_A, units=lbs, breed=tabby, and 4 data points: [9.6, 11.9, 10.0, 13.5]
2023-09-01 17:32:29,669.numeric_series_practice.INFO Created: NumericCatSeries with name=Cats_B, units=lbs, breed=Maine Coon, and 4 data points: [16.4, 15.3, 20.1, 23.2]
2023-09-01 17:32:29,669.numeric_series_practice.INFO Created: NumericCatSeries with name=Cats_C, units=lbs, breed=Siamese, and 4 data points: [13.7, 9.3, 12.8, 14.1]
2023-09-01 17:32:29,673.numeric_series_practice.INFO NumericCatSeries with name=Cats_A, units=lbs, breed=tabby, and 4 data points: [9.6, 11.9, 10.0, 13.5]
2023-09-01 17:32:29,673.numeric_series_practice.INFO Count: 4
2023-09-01 17:32:29,673.numeric_series_practice.INFO Sum: 45.0
2023-09-01 17:32:29,673.numeric_series_practice.INFO Mean: 11.25
2023-09-01 17:32:29,673.numeric_series_practice.INFO Median: 10.95
2023-09-01 17:32:29,673.numeric_series_practice.INFO ------------------
2023-09-01 17:32:29,673.numeric_series_practice.INFO NumericCatSeries with name=Cats_B, units=lbs, breed=Maine Coon, and 4 data points: [16.4, 15.3, 20.1, 23.2]
2023-09-01 17:32:29,676.numeric_series_practice.INFO Count: 4
2023-09-01 17:32:29,676.numeric_series_practice.INFO Sum: 75.0
2023-09-01 17:32:29,676.numeric_series_practice.INFO Mean: 18.75
2023-09-01 17:32:29,678.numeric_series_practice.INFO Median: 18.25
2023-09-01 17:32:29,678.numeric_series_practice.INFO ------------------
2023-09-01 17:32:29,678.numeric_series_practice.INFO NumericCatSeries with name=Cats_C, units=lbs, breed=Siamese, and 4 data points: [13.7, 9.3, 12.8, 14.1]
2023-09-01 17:32:29,678.numeric_series_practice.INFO Count: 4
2023-09-01 17:32:29,678.numeric_series_practice.INFO Sum: 49.9
2023-09-01 17:32:29,678.numeric_series_practice.INFO Mean: 12.475
2023-09-01 17:32:29,678.numeric_series_practice.INFO Median: 13.25
2023-09-01 17:32:29,678.numeric_series_practice.INFO ------------------
