2023-08-30 20:07:54,911.xtra_p2.INFO ==================================================
2023-08-30 20:07:54,912.xtra_p2.INFO Today is 2023-08-30 at 08:07 PM
2023-08-30 20:07:54,937.xtra_p2.INFO Running on: nt Windows 10
2023-08-30 20:07:54,938.xtra_p2.INFO Python version:  3.11.4
2023-08-30 20:07:54,938.xtra_p2.INFO Python path: C:\Users\laura\AppData\Local\Programs\Python\Python311
2023-08-30 20:07:54,938.xtra_p2.INFO Working dir: C:\Users\laura\OneDrive\Documents\datafun-02-functions-main\datafun-02-functions\datafun-02-functions
2023-08-30 20:07:54,938.xtra_p2.INFO ==================================================
2023-08-30 20:07:54,939.xtra_p2.INFO CALLING transform_using_keyword_args_with_default_values(input=bearcat, reverse=False)
2023-08-30 20:07:54,939.xtra_p2.INFO RETURNING bearcat
2023-08-30 20:07:54,939.xtra_p2.INFO CALLING transform_using_keyword_args_with_default_values(input=bearcat, reverse=True)
2023-08-30 20:07:54,939.xtra_p2.INFO RETURNING bearcat
2023-08-30 20:07:54,939.xtra_p2.INFO CALLING transform_using_keyword_args_with_default_values(input=hello, reverse=True)
2023-08-30 20:07:54,939.xtra_p2.INFO RETURNING hello
2023-08-30 20:07:54,940.xtra_p2.INFO ===========================================================
2023-08-30 20:07:54,940.xtra_p2.INFO Running doctest.testmod() function to unit test our code
2023-08-30 20:07:54,940.xtra_p2.INFO ===========================================================
2023-08-30 20:07:54,947.xtra_p2.INFO CALLING transform_using_keyword_args_with_default_values(input=bearcat, reverse=False)
2023-08-30 20:07:54,948.xtra_p2.INFO RETURNING bearcat
2023-08-30 20:07:54,949.xtra_p2.INFO CALLING transform_using_keyword_args_with_default_values(input=bearcat, reverse=True)
2023-08-30 20:07:54,949.xtra_p2.INFO RETURNING bearcat
2023-08-30 20:07:54,953.xtra_p2.INFO CALLING transform_using_keyword_args_with_default_values(input=hello, reverse=True)
2023-08-30 20:07:54,953.xtra_p2.INFO RETURNING hello
2023-08-30 20:07:54,963.xtra_p2.ERROR 6 tests failed!
2023-08-30 20:07:54,963.xtra_p2.INFO Script complete. More info in the log file.
